# JRE version: Java(TM) SE Runtime Environment (7.0_75-b13) (build 1.7.0_75-b13)
# Java VM: Java HotSpot(TM) 64-Bit Server VM (24.75-b04 mixed mode linux-amd64 compressed oops)
Heap
 PSYoungGen      total 218112K, used 4471K [0x00000000eaa80000, 0x00000000f9b00000, 0x0000000100000000)
  eden space 196608K, 0% used [0x00000000eaa80000,0x00000000eaa80000,0x00000000f6a80000)
  from space 21504K, 20% used [0x00000000f8600000,0x00000000f8a5de10,0x00000000f9b00000)
  to   space 22528K, 0% used [0x00000000f6a80000,0x00000000f6a80000,0x00000000f8080000)
 ParOldGen       total 84480K, used 43089K [0x00000000c0000000, 0x00000000c5280000, 0x00000000eaa80000)
  object space 84480K, 51% used [0x00000000c0000000,0x00000000c2a14550,0x00000000c5280000)
 PSPermGen       total 94208K, used 47512K [0x00000000b0000000, 0x00000000b5c00000, 0x00000000c0000000)
  object space 94208K, 50% used [0x00000000b0000000,0x00000000b2e66340,0x00000000b5c00000)
GC Heap History (10 events):
Event: 6.237 GC heap after
Heap after GC invocations=8 (full 0):
 PSYoungGen      total 136192K, used 9209K [0x00000000eaa80000, 0x00000000f3e80000, 0x0000000100000000)
  eden space 126976K, 0% used [0x00000000eaa80000,0x00000000eaa80000,0x00000000f2680000)
  from space 9216K, 99% used [0x00000000f3180000,0x00000000f3a7e630,0x00000000f3a80000)
  to   space 11264K, 0% used [0x00000000f2680000,0x00000000f2680000,0x00000000f3180000)
 ParOldGen       total 84480K, used 12696K [0x00000000c0000000, 0x00000000c5280000, 0x00000000eaa80000)
  object space 84480K, 15% used [0x00000000c0000000,0x00000000c0c66208,0x00000000c5280000)
 PSPermGen       total 28160K, used 27752K [0x00000000b0000000, 0x00000000b1b80000, 0x00000000c0000000)
  object space 28160K, 98% used [0x00000000b0000000,0x00000000b1b1a030,0x00000000b1b80000)
}
Event: 9.126 GC heap before
{Heap before GC invocations=9 (full 0):
 PSYoungGen      total 136192K, used 136185K [0x00000000eaa80000, 0x00000000f3e80000, 0x0000000100000000)
  eden space 126976K, 100% used [0x00000000eaa80000,0x00000000f2680000,0x00000000f2680000)
  from space 9216K, 99% used [0x00000000f3180000,0x00000000f3a7e630,0x00000000f3a80000)
  to   space 11264K, 0% used [0x00000000f2680000,0x00000000f2680000,0x00000000f3180000)
 ParOldGen       total 84480K, used 12696K [0x00000000c0000000, 0x00000000c5280000, 0x00000000eaa80000)
  object space 84480K, 15% used [0x00000000c0000000,0x00000000c0c66208,0x00000000c5280000)
 PSPermGen       total 34816K, used 34605K [0x00000000b0000000, 0x00000000b2200000, 0x00000000c0000000)
  object space 34816K, 99% used [0x00000000b0000000,0x00000000b21cb510,0x00000000b2200000)
Event: 9.141 GC heap after
Heap after GC invocations=9 (full 0):
 PSYoungGen      total 138240K, used 11251K [0x00000000eaa80000, 0x00000000f9000000, 0x0000000100000000)
  eden space 126976K, 0% used [0x00000000eaa80000,0x00000000eaa80000,0x00000000f2680000)
  from space 11264K, 99% used [0x00000000f2680000,0x00000000f317ce68,0x00000000f3180000)
  to   space 15872K, 0% used [0x00000000f8080000,0x00000000f8080000,0x00000000f9000000)
 ParOldGen       total 84480K, used 20235K [0x00000000c0000000, 0x00000000c5280000, 0x00000000eaa80000)
  object space 84480K, 23% used [0x00000000c0000000,0x00000000c13c2e98,0x00000000c5280000)
 PSPermGen       total 34816K, used 34605K [0x00000000b0000000, 0x00000000b2200000, 0x00000000c0000000)
  object space 34816K, 99% used [0x00000000b0000000,0x00000000b21cb510,0x00000000b2200000)
}
Event: 12.360 GC heap before
{Heap before GC invocations=10 (full 0):
 PSYoungGen      total 138240K, used 138227K [0x00000000eaa80000, 0x00000000f9000000, 0x0000000100000000)
  eden space 126976K, 100% used [0x00000000eaa80000,0x00000000f2680000,0x00000000f2680000)
  from space 11264K, 99% used [0x00000000f2680000,0x00000000f317ce68,0x00000000f3180000)
  to   space 15872K, 0% used [0x00000000f8080000,0x00000000f8080000,0x00000000f9000000)
 ParOldGen       total 84480K, used 20235K [0x00000000c0000000, 0x00000000c5280000, 0x00000000eaa80000)
  object space 84480K, 23% used [0x00000000c0000000,0x00000000c13c2e98,0x00000000c5280000)
 PSPermGen       total 39936K, used 39865K [0x00000000b0000000, 0x00000000b2700000, 0x00000000c0000000)
  object space 39936K, 99% used [0x00000000b0000000,0x00000000b26ee410,0x00000000b2700000)
Event: 12.379 GC heap after
Heap after GC invocations=10 (full 0):
 PSYoungGen      total 212480K, used 15863K [0x00000000eaa80000, 0x00000000f9d00000, 0x0000000100000000)
  eden space 196608K, 0% used [0x00000000eaa80000,0x00000000eaa80000,0x00000000f6a80000)
  from space 15872K, 99% used [0x00000000f8080000,0x00000000f8ffdc10,0x00000000f9000000)
  to   space 22528K, 0% used [0x00000000f6a80000,0x00000000f6a80000,0x00000000f8080000)
 ParOldGen       total 84480K, used 32488K [0x00000000c0000000, 0x00000000c5280000, 0x00000000eaa80000)
  object space 84480K, 38% used [0x00000000c0000000,0x00000000c1fba398,0x00000000c5280000)
 PSPermGen       total 39936K, used 39865K [0x00000000b0000000, 0x00000000b2700000, 0x00000000c0000000)
  object space 39936K, 99% used [0x00000000b0000000,0x00000000b26ee410,0x00000000b2700000)
}
Event: 19.050 GC heap before
{Heap before GC invocations=11 (full 0):
 PSYoungGen      total 212480K, used 140668K [0x00000000eaa80000, 0x00000000f9d00000, 0x0000000100000000)
  eden space 196608K, 63% used [0x00000000eaa80000,0x00000000f2461650,0x00000000f6a80000)
  from space 15872K, 99% used [0x00000000f8080000,0x00000000f8ffdc10,0x00000000f9000000)
  to   space 22528K, 0% used [0x00000000f6a80000,0x00000000f6a80000,0x00000000f8080000)
 ParOldGen       total 84480K, used 32488K [0x00000000c0000000, 0x00000000c5280000, 0x00000000eaa80000)
  object space 84480K, 38% used [0x00000000c0000000,0x00000000c1fba398,0x00000000c5280000)
 PSPermGen       total 47104K, used 47061K [0x00000000b0000000, 0x00000000b2e00000, 0x00000000c0000000)
  object space 47104K, 99% used [0x00000000b0000000,0x00000000b2df5550,0x00000000b2e00000)
Event: 19.068 GC heap after
Heap after GC invocations=11 (full 0):
 PSYoungGen      total 219136K, used 8302K [0x00000000eaa80000, 0x00000000f9b00000, 0x0000000100000000)
  eden space 196608K, 0% used [0x00000000eaa80000,0x00000000eaa80000,0x00000000f6a80000)
  from space 22528K, 36% used [0x00000000f6a80000,0x00000000f729bae0,0x00000000f8080000)
  to   space 21504K, 0% used [0x00000000f8600000,0x00000000f8600000,0x00000000f9b00000)
 ParOldGen       total 84480K, used 47494K [0x00000000c0000000, 0x00000000c5280000, 0x00000000eaa80000)
  object space 84480K, 56% used [0x00000000c0000000,0x00000000c2e61900,0x00000000c5280000)
 PSPermGen       total 47104K, used 47061K [0x00000000b0000000, 0x00000000b2e00000, 0x00000000c0000000)
  object space 47104K, 99% used [0x00000000b0000000,0x00000000b2df5550,0x00000000b2e00000)
}
Event: 19.081 GC heap before
{Heap before GC invocations=12 (full 1):
 PSYoungGen      total 219136K, used 8302K [0x00000000eaa80000, 0x00000000f9b00000, 0x0000000100000000)
  eden space 196608K, 0% used [0x00000000eaa80000,0x00000000eaa80000,0x00000000f6a80000)
  from space 22528K, 36% used [0x00000000f6a80000,0x00000000f729bae0,0x00000000f8080000)
  to   space 21504K, 0% used [0x00000000f8600000,0x00000000f8600000,0x00000000f9b00000)
 ParOldGen       total 84480K, used 47494K [0x00000000c0000000, 0x00000000c5280000, 0x00000000eaa80000)
  object space 84480K, 56% used [0x00000000c0000000,0x00000000c2e61900,0x00000000c5280000)
 PSPermGen       total 47104K, used 47061K [0x00000000b0000000, 0x00000000b2e00000, 0x00000000c0000000)
  object space 47104K, 99% used [0x00000000b0000000,0x00000000b2df5550,0x00000000b2e00000)
Event: 19.264 GC heap after
Heap after GC invocations=12 (full 1):
 PSYoungGen      total 219136K, used 0K [0x00000000eaa80000, 0x00000000f9b00000, 0x0000000100000000)
  eden space 196608K, 0% used [0x00000000eaa80000,0x00000000eaa80000,0x00000000f6a80000)
  from space 22528K, 0% used [0x00000000f6a80000,0x00000000f6a80000,0x00000000f8080000)
  to   space 21504K, 0% used [0x00000000f8600000,0x00000000f8600000,0x00000000f9b00000)
 ParOldGen       total 84480K, used 43081K [0x00000000c0000000, 0x00000000c5280000, 0x00000000eaa80000)
  object space 84480K, 50% used [0x00000000c0000000,0x00000000c2a12550,0x00000000c5280000)
 PSPermGen       total 94208K, used 47002K [0x00000000b0000000, 0x00000000b5c00000, 0x00000000c0000000)
  object space 94208K, 49% used [0x00000000b0000000,0x00000000b2de6870,0x00000000b5c00000)
}
Event: 143.475 GC heap before
{Heap before GC invocations=13 (full 1):
 PSYoungGen      total 219136K, used 196608K [0x00000000eaa80000, 0x00000000f9b00000, 0x0000000100000000)
  eden space 196608K, 100% used [0x00000000eaa80000,0x00000000f6a80000,0x00000000f6a80000)
  from space 22528K, 0% used [0x00000000f6a80000,0x00000000f6a80000,0x00000000f8080000)
  to   space 21504K, 0% used [0x00000000f8600000,0x00000000f8600000,0x00000000f9b00000)
 ParOldGen       total 84480K, used 43081K [0x00000000c0000000, 0x00000000c5280000, 0x00000000eaa80000)
  object space 84480K, 50% used [0x00000000c0000000,0x00000000c2a12550,0x00000000c5280000)
 PSPermGen       total 94208K, used 47512K [0x00000000b0000000, 0x00000000b5c00000, 0x00000000c0000000)
  object space 94208K, 50% used [0x00000000b0000000,0x00000000b2e66340,0x00000000b5c00000)

